This file contains any messages produced by compilers while
running configure, to aid debugging if configure makes a mistake.

It was created by aodp configure 2, which was
generated by GNU Autoconf 2.69.  Invocation command line was

  $ ./configure BIN_TARGET_DIR=/Users/chenw/Documents/ubuntu_64bit_shared/0_CPS/0_Virtual_Workshop_Committee/2025-2026/RustIDing_using_metabarcoding_and_AODP/aodp/aodp-2.5.0.1 MAN_TARGET_DIR=/Users/chenw/Documents/ubuntu_64bit_shared/0_CPS/0_Virtual_Workshop_Committee/2025-2026/RustIDing_using_metabarcoding_and_AODP/aodp/aodp-2.5.0.1/man

## --------- ##
## Platform. ##
## --------- ##

hostname = MacBookPro.ht.home
uname -m = x86_64
uname -r = 24.4.0
uname -s = Darwin
uname -v = Darwin Kernel Version 24.4.0: Wed Mar 19 21:16:31 PDT 2025; root:xnu-11417.101.15~1/RELEASE_X86_64

/usr/bin/uname -p = i386
/bin/uname -X     = unknown

/bin/arch              = unknown
/usr/bin/arch -k       = unknown
/usr/convex/getsysinfo = unknown
/usr/bin/hostinfo      = Mach kernel version:
	 Darwin Kernel Version 24.4.0: Wed Mar 19 21:16:31 PDT 2025; root:xnu-11417.101.15~1/RELEASE_X86_64
Kernel configured for up to 16 processors.
8 processors are physically available.
16 processors are logically available.
Processor type: x86_64h (Intel x86-64h Haswell)
Processors active: 0 1 2 3 4 5 6 7 8 9 10 11 12 13 14 15
Primary memory available: 64.00 gigabytes
Default processor set: 926 tasks, 4421 threads, 16 processors
Load average: 2.75, Mach factor: 13.24
/bin/machine           = unknown
/usr/bin/oslevel       = unknown
/bin/universe          = unknown

PATH: /Users/chenw/.nvm/versions/node/v16.20.2/bin
PATH: /Users/chenw/.nvm/versions/node/v16.20.2/bin
PATH: /Users/chenw/Applications/Aspera CLI/bin
PATH: /Users/chenw/mambaforge/bin
PATH: /Users/chenw/pprospector/bin/
PATH: /Users/chenw/miniconda3/bin
PATH: /usr/local/bin
PATH: /usr/local/sbin
PATH: /usr/local/Cellar/perl/5.30.0/lib/perl5/site_perl/5.30.0
PATH: /Users/chenw/ITSx/ITSx_1.1.2
PATH: /Users/chenw/Documents/ubuntu_64bit_shared/Bitbucket_repos/akutils
PATH: /Library/Frameworks/GDAL.framework/Programs
PATH: /usr/bin
PATH: /usr/local/bin
PATH: /Users/chenw/perl5/perlbrew/bin
PATH: /usr/local/bin
PATH: /usr/bin
PATH: /bin
PATH: /usr/sbin
PATH: /sbin
PATH: /Library/TeX/texbin
PATH: /opt/X11/bin
PATH: /usr/local/git/bin
PATH: /opt/local/bin
PATH: /opt/local/sbin
PATH: /Users/chenw/edirect
PATH: /Users/chenw/circos-0.69-9/bin
PATH: /Users/chenw/edirect
PATH: /usr/local/Cellar/perl/5.30.0/lib/perl5/site_perl/5.30.0/
PATH: /Users/chenw/ITSx/ITSx_1.1.2/
PATH: ~/Documents/ubuntu_64bit_shared/Bitbucket_repos/akutils/
PATH: /Library/Frameworks/GDAL.framework/Programs
PATH: /usr/bin/
PATH: /usr/local/bin/
PATH: /usr/local/ncbi/blast/bin/
PATH: /usr/local/Cellar/python@2/2.7.16/bin
PATH: /Library/Frameworks/Python.framework/Versions/3.10/bin
PATH: /usr/local/bin
PATH: /usr/local/sbin
PATH: /Users/chenw/.nvm/versions/node/v16.20.2/bin
PATH: /Users/chenw/miniconda3/condabin
PATH: /Users/chenw/Applications/Aspera CLI/bin
PATH: /Users/chenw/mambaforge/bin
PATH: /Users/chenw/pprospector/bin
PATH: /Users/chenw/miniconda3/bin
PATH: /usr/local/bin
PATH: /usr/local/sbin
PATH: /usr/local/Cellar/perl/5.30.0/lib/perl5/site_perl/5.30.0
PATH: /Users/chenw/ITSx/ITSx_1.1.2
PATH: /Users/chenw/Documents/ubuntu_64bit_shared/Bitbucket_repos/akutils
PATH: /Library/Frameworks/GDAL.framework/Programs
PATH: /usr/bin
PATH: /usr/local/bin
PATH: /Users/chenw/perl5/perlbrew/bin
PATH: /usr/local/bin
PATH: /usr/bin
PATH: /bin
PATH: /usr/sbin
PATH: /sbin
PATH: /Library/TeX/texbin
PATH: /opt/X11/bin
PATH: /usr/local/git/bin
PATH: /opt/local/bin
PATH: /opt/local/sbin
PATH: /Users/chenw/edirect
PATH: /Users/chenw/circos-0.69-9/bin
PATH: /Users/chenw/edirect
PATH: /usr/local/Cellar/perl/5.30.0/lib/perl5/site_perl/5.30.0
PATH: /Users/chenw/ITSx/ITSx_1.1.2
PATH: ~/Documents/ubuntu_64bit_shared/Bitbucket_repos/akutils
PATH: /Library/Frameworks/GDAL.framework/Programs
PATH: /usr/bin
PATH: /usr/local/bin
PATH: /usr/local/ncbi/blast/bin
PATH: /Users/chenw/perl5/perlbrew/bin
PATH: /Applications/gedit.app/Contents/MacOS/gedit
PATH: /usr/local/ncbi/blast/bin
PATH: /usr/local/bin
PATH: /System/Cryptexes/App/usr/bin
PATH: /usr/bin
PATH: /bin
PATH: /usr/sbin
PATH: /sbin
PATH: /var/run/com.apple.security.cryptexd/codex.system/bootstrap/usr/local/bin
PATH: /var/run/com.apple.security.cryptexd/codex.system/bootstrap/usr/bin
PATH: /var/run/com.apple.security.cryptexd/codex.system/bootstrap/usr/appleinternal/bin
PATH: /opt/X11/bin
PATH: /Library/Apple/usr/bin
PATH: /Library/TeX/texbin
PATH: /usr/local/git/bin
PATH: /usr/local/munki
PATH: /usr/local/ncbi/blast/bin
PATH: /opt/puppetlabs/bin
PATH: /Applications/quarto/bin
PATH: /Users/chenw/hmmer-2.3.2/src
PATH: /Users/chenw/FungalITSextractor
PATH: /Users/chenw/FungalITSextractor/HMMs
PATH: /opt/local/bin
PATH: /opt/local/sbin
PATH: /Users/chenw/Documents/ubuntu_64bit_shared/Bitbucket_repos/BugBase/bin
PATH: /Users/chenw/edirect
PATH: /Users/chenw/sratoolkit.3.0.0-mac64/bin
PATH: /Users/chenw/circos-0.69-9/bin
PATH: /Users/chenw/mambaforge/bin
PATH: /Users/chenw/hmmer-2.3.2/src
PATH: /Users/chenw/FungalITSextractor
PATH: /Users/chenw/FungalITSextractor/HMMs
PATH: /Users/chenw/FastQC
PATH: /Users/chenw/Documents/ubuntu_64bit_shared/Bitbucket_repos/CGView/cgview_comparison_tool-master/scripts
PATH: /Applications/Visual Studio Code.app/Contents/Resources/app/bin
PATH: /Users/chenw/edirect
PATH: /Users/chenw/anaconda3/bin
PATH: /Users/chenw/edirect
PATH: /Users/chenw/sratoolkit.3.0.0-mac64/bin/
PATH: /Users/chenw/circos-0.69-9/bin
PATH: /Users/chenw/mambaforge/bin/
PATH: /Users/chenw/hmmer-2.3.2/src/
PATH: /Users/chenw/FungalITSextractor/
PATH: /Users/chenw/FungalITSextractor/HMMs/
PATH: /Users/chenw/FastQC/
PATH: /Users/chenw/Documents/ubuntu_64bit_shared/Bitbucket_repos/CGView/cgview_comparison_tool-master/scripts
PATH: /Applications/Visual Studio Code.app/Contents/Resources/app/bin


## ----------- ##
## Core tests. ##
## ----------- ##

configure:2356: checking for gcc
configure:2372: found /usr/bin/gcc
configure:2383: result: gcc
configure:2612: checking for C compiler version
configure:2621: gcc --version >&5
Apple clang version 16.0.0 (clang-1600.0.26.6)
Target: x86_64-apple-darwin24.4.0
Thread model: posix
InstalledDir: /Applications/Xcode.app/Contents/Developer/Toolchains/XcodeDefault.xctoolchain/usr/bin
configure:2632: $? = 0
configure:2621: gcc -v >&5
Apple clang version 16.0.0 (clang-1600.0.26.6)
Target: x86_64-apple-darwin24.4.0
Thread model: posix
InstalledDir: /Applications/Xcode.app/Contents/Developer/Toolchains/XcodeDefault.xctoolchain/usr/bin
configure:2632: $? = 0
configure:2621: gcc -V >&5
clang: error: argument to '-V' is missing (expected 1 value)
clang: error: no input files
configure:2632: $? = 1
configure:2621: gcc -qversion >&5
clang: error: unknown argument '-qversion'; did you mean '--version'?
clang: error: no input files
configure:2632: $? = 1
configure:2652: checking whether the C compiler works
configure:2674: gcc    conftest.c  >&5
configure:2678: $? = 0
configure:2726: result: yes
configure:2729: checking for C compiler default output file name
configure:2731: result: a.out
configure:2737: checking for suffix of executables
configure:2744: gcc -o conftest    conftest.c  >&5
configure:2748: $? = 0
configure:2770: result: 
configure:2792: checking whether we are cross compiling
configure:2800: gcc -o conftest    conftest.c  >&5
configure:2804: $? = 0
configure:2811: ./conftest
configure:2815: $? = 0
configure:2830: result: no
configure:2835: checking for suffix of object files
configure:2857: gcc -c   conftest.c >&5
configure:2861: $? = 0
configure:2882: result: o
configure:2886: checking whether we are using the GNU C compiler
configure:2905: gcc -c   conftest.c >&5
configure:2905: $? = 0
configure:2914: result: yes
configure:2923: checking whether gcc accepts -g
configure:2943: gcc -c -g  conftest.c >&5
configure:2943: $? = 0
configure:2984: result: yes
configure:3001: checking for gcc option to accept ISO C89
configure:3064: gcc  -c -g -O2  conftest.c >&5
conftest.c:15:14: warning: a function definition without a prototype is deprecated in all versions of C and is not supported in C2x [-Wdeprecated-non-prototype]
   15 | static char *e (p, i)
      |              ^
1 warning generated.
configure:3064: $? = 0
configure:3077: result: none needed
configure:3102: checking how to run the C preprocessor
configure:3133: gcc -E  conftest.c
configure:3133: $? = 0
configure:3147: gcc -E  conftest.c
conftest.c:9:10: fatal error: 'ac_nonexistent.h' file not found
    9 | #include <ac_nonexistent.h>
      |          ^~~~~~~~~~~~~~~~~~
1 error generated.
configure:3147: $? = 1
configure: failed program was:
| /* confdefs.h */
| #define PACKAGE_NAME "aodp"
| #define PACKAGE_TARNAME "aodp"
| #define PACKAGE_VERSION "2"
| #define PACKAGE_STRING "aodp 2"
| #define PACKAGE_BUGREPORT "mz@alumni.sfu.ca"
| #define PACKAGE_URL ""
| /* end confdefs.h.  */
| #include <ac_nonexistent.h>
configure:3172: result: gcc -E
configure:3192: gcc -E  conftest.c
configure:3192: $? = 0
configure:3206: gcc -E  conftest.c
conftest.c:9:10: fatal error: 'ac_nonexistent.h' file not found
    9 | #include <ac_nonexistent.h>
      |          ^~~~~~~~~~~~~~~~~~
1 error generated.
configure:3206: $? = 1
configure: failed program was:
| /* confdefs.h */
| #define PACKAGE_NAME "aodp"
| #define PACKAGE_TARNAME "aodp"
| #define PACKAGE_VERSION "2"
| #define PACKAGE_STRING "aodp 2"
| #define PACKAGE_BUGREPORT "mz@alumni.sfu.ca"
| #define PACKAGE_URL ""
| /* end confdefs.h.  */
| #include <ac_nonexistent.h>
configure:3282: checking for gcc
configure:3309: result: gcc
configure:3538: checking for C compiler version
configure:3547: gcc --version >&5
Apple clang version 16.0.0 (clang-1600.0.26.6)
Target: x86_64-apple-darwin24.4.0
Thread model: posix
InstalledDir: /Applications/Xcode.app/Contents/Developer/Toolchains/XcodeDefault.xctoolchain/usr/bin
configure:3558: $? = 0
configure:3547: gcc -v >&5
Apple clang version 16.0.0 (clang-1600.0.26.6)
Target: x86_64-apple-darwin24.4.0
Thread model: posix
InstalledDir: /Applications/Xcode.app/Contents/Developer/Toolchains/XcodeDefault.xctoolchain/usr/bin
configure:3558: $? = 0
configure:3547: gcc -V >&5
clang: error: argument to '-V' is missing (expected 1 value)
clang: error: no input files
configure:3558: $? = 1
configure:3547: gcc -qversion >&5
clang: error: unknown argument '-qversion'; did you mean '--version'?
clang: error: no input files
configure:3558: $? = 1
configure:3562: checking whether we are using the GNU C compiler
configure:3590: result: yes
configure:3599: checking whether gcc accepts -g
configure:3660: result: yes
configure:3677: checking for gcc option to accept ISO C89
configure:3753: result: none needed
configure:3836: checking for g++
configure:3852: found /usr/bin/g++
configure:3863: result: g++
configure:3890: checking for C++ compiler version
configure:3899: g++ --version >&5
Apple clang version 16.0.0 (clang-1600.0.26.6)
Target: x86_64-apple-darwin24.4.0
Thread model: posix
InstalledDir: /Applications/Xcode.app/Contents/Developer/Toolchains/XcodeDefault.xctoolchain/usr/bin
configure:3910: $? = 0
configure:3899: g++ -v >&5
Apple clang version 16.0.0 (clang-1600.0.26.6)
Target: x86_64-apple-darwin24.4.0
Thread model: posix
InstalledDir: /Applications/Xcode.app/Contents/Developer/Toolchains/XcodeDefault.xctoolchain/usr/bin
configure:3910: $? = 0
configure:3899: g++ -V >&5
clang++: error: argument to '-V' is missing (expected 1 value)
clang++: error: no input files
configure:3910: $? = 1
configure:3899: g++ -qversion >&5
clang++: error: unknown argument '-qversion'; did you mean '--version'?
clang++: error: no input files
configure:3910: $? = 1
configure:3914: checking whether we are using the GNU C++ compiler
configure:3933: g++ -c   conftest.cpp >&5
configure:3933: $? = 0
configure:3942: result: yes
configure:3951: checking whether g++ accepts -g
configure:3971: g++ -c -g  conftest.cpp >&5
configure:3971: $? = 0
configure:4012: result: yes
configure:4044: checking whether g++ supports C++11 features by default
configure:4071: g++ -c   conftest.cpp >&5
conftest.cpp:13:21: error: expected parameter declarator
   13 |       static_assert(sizeof(int) <= sizeof(T), "not big enough");
      |                     ^
conftest.cpp:13:21: error: expected ')'
conftest.cpp:13:20: note: to match this '('
   13 |       static_assert(sizeof(int) <= sizeof(T), "not big enough");
      |                    ^
conftest.cpp:13:7: error: a type specifier is required for all declarations
   13 |       static_assert(sizeof(int) <= sizeof(T), "not big enough");
      |       ^
conftest.cpp:16:29: error: a space is required between consecutive right angle brackets (use '> >')
   16 |     typedef check<check<bool>> right_angle_brackets;
      |                             ^~
      |                             > >
conftest.cpp:19:5: error: unknown type name 'decltype'
   19 |     decltype(a) b;
      |     ^
conftest.cpp:19:16: error: expected ';' after top level declarator
   19 |     decltype(a) b;
      |                ^
      |                ;
conftest.cpp:23:15: warning: rvalue references are a C++11 extension [-Wc++11-extensions]
   23 |     check_type&& cr = static_cast<check_type&&>(c);
      |               ^
conftest.cpp:23:45: warning: rvalue references are a C++11 extension [-Wc++11-extensions]
   23 |     check_type&& cr = static_cast<check_type&&>(c);
      |                                             ^
conftest.cpp:25:5: warning: 'auto' type specifier is a C++11 extension [-Wc++11-extensions]
   25 |     auto d = a;
      |     ^
3 warnings and 6 errors generated.
configure:4071: $? = 1
configure: failed program was:
| /* confdefs.h */
| #define PACKAGE_NAME "aodp"
| #define PACKAGE_TARNAME "aodp"
| #define PACKAGE_VERSION "2"
| #define PACKAGE_STRING "aodp 2"
| #define PACKAGE_BUGREPORT "mz@alumni.sfu.ca"
| #define PACKAGE_URL ""
| /* end confdefs.h.  */
| 
|   template <typename T>
|     struct check
|     {
|       static_assert(sizeof(int) <= sizeof(T), "not big enough");
|     };
| 
|     typedef check<check<bool>> right_angle_brackets;
| 
|     int a;
|     decltype(a) b;
| 
|     typedef check<int> check_type;
|     check_type c;
|     check_type&& cr = static_cast<check_type&&>(c);
| 
|     auto d = a;
| 
| 
configure:4078: result: no
configure:4089: checking whether g++ supports C++11 features with -std=c++11
configure:4118: g++ -c  -std=c++11  conftest.cpp >&5
configure:4118: $? = 0
configure:4127: result: yes
configure:4179: checking for libstdc++
configure:4192: g++ -c  -std=c++11  conftest.cpp >&5
configure:4192: $? = 0
configure:4193: result: yes
configure:4205: checking for stack size
configure:4222: g++ -o conftest  -std=c++11   conftest.cpp  >&5
configure:4222: $? = 0
configure:4222: ./conftest
configure:4222: $? = 0
configure:4223: result: yes
configure:4241: checking for make
configure:4257: found /usr/bin/make
configure:4269: result: yes
configure:4318: Checking perl...
configure:4325: checking for perl
configure:4343: found /Users/chenw/mambaforge/bin/perl
configure:4356: result: /Users/chenw/mambaforge/bin/perl
configure:4380: checking perl version
configure:4382: checking 5.32.1
configure:4389: result: ok
configure:4411: checking for bison
configure:4429: found /usr/bin/bison
configure:4442: result: /usr/bin/bison
configure:4454: checking bison version
configure:4456: checking 2.7
configure:4488: checking for flex
configure:4506: found /usr/bin/flex
configure:4519: result: /usr/bin/flex
configure:4531: checking flex version
configure:4533: checking 2.5
configure:4541: result: ok
configure:4566: checking for pthread_kill in -lpthread
configure:4591: g++ -o conftest  -std=c++11   conftest.cpp -lpthread   >&5
configure:4591: $? = 0
configure:4600: result: yes
configure:4625: checking BioPerl
configure:4629: result: ok
configure:4650: checking List::MoreUtils
configure:4654: result: ok
configure:4679: checking how to run the C++ preprocessor
configure:4706: g++ -E  conftest.cpp
configure:4706: $? = 0
configure:4720: g++ -E  conftest.cpp
conftest.cpp:11:10: fatal error: 'ac_nonexistent.h' file not found
   11 | #include <ac_nonexistent.h>
      |          ^~~~~~~~~~~~~~~~~~
1 error generated.
configure:4720: $? = 1
configure: failed program was:
| /* confdefs.h */
| #define PACKAGE_NAME "aodp"
| #define PACKAGE_TARNAME "aodp"
| #define PACKAGE_VERSION "2"
| #define PACKAGE_STRING "aodp 2"
| #define PACKAGE_BUGREPORT "mz@alumni.sfu.ca"
| #define PACKAGE_URL ""
| #define HAVE_CXX11 1
| #define HAVE_LIBPTHREAD 1
| /* end confdefs.h.  */
| #include <ac_nonexistent.h>
configure:4745: result: g++ -E
configure:4765: g++ -E  conftest.cpp
configure:4765: $? = 0
configure:4779: g++ -E  conftest.cpp
conftest.cpp:11:10: fatal error: 'ac_nonexistent.h' file not found
   11 | #include <ac_nonexistent.h>
      |          ^~~~~~~~~~~~~~~~~~
1 error generated.
configure:4779: $? = 1
configure: failed program was:
| /* confdefs.h */
| #define PACKAGE_NAME "aodp"
| #define PACKAGE_TARNAME "aodp"
| #define PACKAGE_VERSION "2"
| #define PACKAGE_STRING "aodp 2"
| #define PACKAGE_BUGREPORT "mz@alumni.sfu.ca"
| #define PACKAGE_URL ""
| #define HAVE_CXX11 1
| #define HAVE_LIBPTHREAD 1
| /* end confdefs.h.  */
| #include <ac_nonexistent.h>
configure:4808: checking for grep that handles long lines and -e
configure:4866: result: /usr/bin/grep
configure:4871: checking for egrep
configure:4933: result: /usr/bin/grep -E
configure:4938: checking for ANSI C header files
configure:4958: g++ -c  -std=c++11  conftest.cpp >&5
configure:4958: $? = 0
configure:5031: g++ -o conftest  -std=c++11   conftest.cpp -lpthread  >&5
configure:5031: $? = 0
configure:5031: ./conftest
configure:5031: $? = 0
configure:5042: result: yes
configure:5055: checking for sys/types.h
configure:5055: g++ -c  -std=c++11  conftest.cpp >&5
configure:5055: $? = 0
configure:5055: result: yes
configure:5055: checking for sys/stat.h
configure:5055: g++ -c  -std=c++11  conftest.cpp >&5
configure:5055: $? = 0
configure:5055: result: yes
configure:5055: checking for stdlib.h
configure:5055: g++ -c  -std=c++11  conftest.cpp >&5
configure:5055: $? = 0
configure:5055: result: yes
configure:5055: checking for string.h
configure:5055: g++ -c  -std=c++11  conftest.cpp >&5
configure:5055: $? = 0
configure:5055: result: yes
configure:5055: checking for memory.h
configure:5055: g++ -c  -std=c++11  conftest.cpp >&5
configure:5055: $? = 0
configure:5055: result: yes
configure:5055: checking for strings.h
configure:5055: g++ -c  -std=c++11  conftest.cpp >&5
configure:5055: $? = 0
configure:5055: result: yes
configure:5055: checking for inttypes.h
configure:5055: g++ -c  -std=c++11  conftest.cpp >&5
configure:5055: $? = 0
configure:5055: result: yes
configure:5055: checking for stdint.h
configure:5055: g++ -c  -std=c++11  conftest.cpp >&5
configure:5055: $? = 0
configure:5055: result: yes
configure:5055: checking for unistd.h
configure:5055: g++ -c  -std=c++11  conftest.cpp >&5
configure:5055: $? = 0
configure:5055: result: yes
configure:5069: checking sys/times.h usability
configure:5069: g++ -c  -std=c++11  conftest.cpp >&5
configure:5069: $? = 0
configure:5069: result: yes
configure:5069: checking sys/times.h presence
configure:5069: g++ -E  conftest.cpp
configure:5069: $? = 0
configure:5069: result: yes
configure:5069: checking for sys/times.h
configure:5069: result: yes
configure:5093: checking for sys/types.h
configure:5093: result: yes
configure:5117: checking for sys/stat.h
configure:5117: result: yes
configure:5141: checking wordexp.h usability
configure:5141: g++ -c  -std=c++11  conftest.cpp >&5
configure:5141: $? = 0
configure:5141: result: yes
configure:5141: checking wordexp.h presence
configure:5141: g++ -E  conftest.cpp
configure:5141: $? = 0
configure:5141: result: yes
configure:5141: checking for wordexp.h
configure:5141: result: yes
configure:5165: checking for unistd.h
configure:5165: result: yes
configure:5192: checking /Users/chenw/Documents/ubuntu_64bit_shared/0_CPS/0_Virtual_Workshop_Committee/2025-2026/RustIDing_using_metabarcoding_and_AODP/aodp/aodp-2.5.0.1
configure:5196: result: ok
configure:5227: checking /Users/chenw/Documents/ubuntu_64bit_shared/0_CPS/0_Virtual_Workshop_Committee/2025-2026/RustIDing_using_metabarcoding_and_AODP/aodp/aodp-2.5.0.1/man
configure:5231: result: ok
configure:5406: creating ./config.status

## ---------------------- ##
## Running config.status. ##
## ---------------------- ##

This file was extended by aodp config.status 2, which was
generated by GNU Autoconf 2.69.  Invocation command line was

  CONFIG_FILES    = 
  CONFIG_HEADERS  = 
  CONFIG_LINKS    = 
  CONFIG_COMMANDS = 
  $ ./config.status 

on MacBookPro.ht.home

config.status:738: creating Makefile
configure:6412: result: ok

## ---------------- ##
## Cache variables. ##
## ---------------- ##

CONDA_BACKUP_ac_cv_func_malloc_0_nonnull=yes
CONDA_BACKUP_ac_cv_func_realloc_0_nonnull=yes
ac_cv_c_compiler_gnu=yes
ac_cv_cxx_compiler_gnu=yes
ac_cv_env_CCC_set=
ac_cv_env_CCC_value=
ac_cv_env_CC_set=
ac_cv_env_CC_value=
ac_cv_env_CFLAGS_set=
ac_cv_env_CFLAGS_value=
ac_cv_env_CPPFLAGS_set=
ac_cv_env_CPPFLAGS_value=
ac_cv_env_CPP_set=
ac_cv_env_CPP_value=
ac_cv_env_CXXCPP_set=
ac_cv_env_CXXCPP_value=
ac_cv_env_CXXFLAGS_set=
ac_cv_env_CXXFLAGS_value=
ac_cv_env_CXX_set=
ac_cv_env_CXX_value=
ac_cv_env_LDFLAGS_set=
ac_cv_env_LDFLAGS_value=
ac_cv_env_LIBS_set=
ac_cv_env_LIBS_value=
ac_cv_env_build_alias_set=
ac_cv_env_build_alias_value=
ac_cv_env_host_alias_set=
ac_cv_env_host_alias_value=
ac_cv_env_target_alias_set=
ac_cv_env_target_alias_value=
ac_cv_header_inttypes_h=yes
ac_cv_header_memory_h=yes
ac_cv_header_stdc=yes
ac_cv_header_stdint_h=yes
ac_cv_header_stdlib_h=yes
ac_cv_header_string_h=yes
ac_cv_header_strings_h=yes
ac_cv_header_sys_stat_h=yes
ac_cv_header_sys_times_h=yes
ac_cv_header_sys_types_h=yes
ac_cv_header_unistd_h=yes
ac_cv_header_wordexp_h=yes
ac_cv_lib_pthread_pthread_kill=yes
ac_cv_objext=o
ac_cv_path_BISON=/usr/bin/bison
ac_cv_path_EGREP='/usr/bin/grep -E'
ac_cv_path_FLEX=/usr/bin/flex
ac_cv_path_GREP=/usr/bin/grep
ac_cv_path_PERL=/Users/chenw/mambaforge/bin/perl
ac_cv_prog_CPP='gcc -E'
ac_cv_prog_CXXCPP='g++ -E'
ac_cv_prog_HAS_MAKE=yes
ac_cv_prog_ac_ct_CC=gcc
ac_cv_prog_ac_ct_CXX=g++
ac_cv_prog_cc_c89=
ac_cv_prog_cc_g=yes
ac_cv_prog_cxx_g=yes
ax_cv_cxx_compile_cxx11=no
ax_cv_cxx_compile_cxx11__std_cpp11=yes

## ----------------- ##
## Output variables. ##
## ----------------- ##

BIN_TARGET_DIR='/Users/chenw/Documents/ubuntu_64bit_shared/0_CPS/0_Virtual_Workshop_Committee/2025-2026/RustIDing_using_metabarcoding_and_AODP/aodp/aodp-2.5.0.1'
BISON='/usr/bin/bison'
CC='gcc'
CFLAGS='-g -O2'
CPP='gcc -E'
CPPFLAGS=''
CXX='g++'
CXXCPP='g++ -E'
CXXFLAGS=' -std=c++11'
DEFS='-DPACKAGE_NAME=\"aodp\" -DPACKAGE_TARNAME=\"aodp\" -DPACKAGE_VERSION=\"2\" -DPACKAGE_STRING=\"aodp\ 2\" -DPACKAGE_BUGREPORT=\"mz@alumni.sfu.ca\" -DPACKAGE_URL=\"\" -DHAVE_CXX11=1 -DHAVE_LIBPTHREAD=1 -DSTDC_HEADERS=1 -DHAVE_SYS_TYPES_H=1 -DHAVE_SYS_STAT_H=1 -DHAVE_STDLIB_H=1 -DHAVE_STRING_H=1 -DHAVE_MEMORY_H=1 -DHAVE_STRINGS_H=1 -DHAVE_INTTYPES_H=1 -DHAVE_STDINT_H=1 -DHAVE_UNISTD_H=1 -DHAVE_SYS_TIMES_H=1 -DHAVE_SYS_TYPES_H=1 -DHAVE_SYS_STAT_H=1 -DHAVE_WORDEXP_H=1 -DHAVE_UNISTD_H=1'
ECHO_C='\c'
ECHO_N=''
ECHO_T=''
EGREP='/usr/bin/grep -E'
EXEEXT=''
FLEX='/usr/bin/flex'
GREP='/usr/bin/grep'
HAS_BISON_2_7='no'
HAS_FLEX_2_5='yes'
HAS_MAKE='yes'
HAVE_CXX11='1'
LDFLAGS=''
LIBOBJS=''
LIBS='-lpthread '
LTLIBOBJS=''
MAN_TARGET_DIR='/Users/chenw/Documents/ubuntu_64bit_shared/0_CPS/0_Virtual_Workshop_Committee/2025-2026/RustIDing_using_metabarcoding_and_AODP/aodp/aodp-2.5.0.1/man'
OBJEXT='o'
PACKAGE_BUGREPORT='mz@alumni.sfu.ca'
PACKAGE_NAME='aodp'
PACKAGE_STRING='aodp 2'
PACKAGE_TARNAME='aodp'
PACKAGE_URL=''
PACKAGE_VERSION='2'
PATH_SEPARATOR=':'
PERL='/Users/chenw/mambaforge/bin/perl'
SHELL='/bin/sh'
ac_ct_CC='gcc'
ac_ct_CXX='g++'
bindir='${exec_prefix}/bin'
build_alias=''
datadir='${datarootdir}'
datarootdir='${prefix}/share'
docdir='${datarootdir}/doc/${PACKAGE_TARNAME}'
dvidir='${docdir}'
exec_prefix='${prefix}'
host_alias=''
htmldir='${docdir}'
includedir='${prefix}/include'
infodir='${datarootdir}/info'
libdir='${exec_prefix}/lib'
libexecdir='${exec_prefix}/libexec'
localedir='${datarootdir}/locale'
localstatedir='${prefix}/var'
mandir='${datarootdir}/man'
oldincludedir='/usr/include'
pdfdir='${docdir}'
prefix='/usr/local'
program_transform_name='s,x,x,'
psdir='${docdir}'
runstatedir='${localstatedir}/run'
sbindir='${exec_prefix}/sbin'
sharedstatedir='${prefix}/com'
sysconfdir='${prefix}/etc'
target_alias=''

## ----------- ##
## confdefs.h. ##
## ----------- ##

/* confdefs.h */
#define PACKAGE_NAME "aodp"
#define PACKAGE_TARNAME "aodp"
#define PACKAGE_VERSION "2"
#define PACKAGE_STRING "aodp 2"
#define PACKAGE_BUGREPORT "mz@alumni.sfu.ca"
#define PACKAGE_URL ""
#define HAVE_CXX11 1
#define HAVE_LIBPTHREAD 1
#define STDC_HEADERS 1
#define HAVE_SYS_TYPES_H 1
#define HAVE_SYS_STAT_H 1
#define HAVE_STDLIB_H 1
#define HAVE_STRING_H 1
#define HAVE_MEMORY_H 1
#define HAVE_STRINGS_H 1
#define HAVE_INTTYPES_H 1
#define HAVE_STDINT_H 1
#define HAVE_UNISTD_H 1
#define HAVE_SYS_TIMES_H 1
#define HAVE_SYS_TYPES_H 1
#define HAVE_SYS_STAT_H 1
#define HAVE_WORDEXP_H 1
#define HAVE_UNISTD_H 1

configure: exit 0
